2022-08-17 04:37:25,793 [INFO] Initializing Spyce
2022-08-17 04:37:25,797 [INFO] Downloading src/glossary.rst
2022-08-17 04:37:26,293 [INFO] Downloading src/_static/bibliography.rst
2022-08-17 04:37:26,638 [INFO] Downloading src/_static/references.bib
2022-08-17 04:37:27,482 [INFO] Downloading .readthedocs.yaml
2022-08-17 04:37:27,825 [INFO] Downloading src/conf.py
2022-08-17 04:37:28,170 [INFO] Downloading src/_static/UTRGVLogo.png
2022-08-17 04:37:28,594 [INFO] Downloading src/_static/bluetunnel.css
2022-08-17 04:37:28,964 [INFO] Downloading src/_static/RATESLogo.png
2022-08-17 04:37:29,464 [INFO] Downloading src/_static/RGVFloodLogo.png
2022-08-17 04:37:29,972 [INFO] Downloading src/_static/layout.html
2022-08-17 04:43:20,884 [INFO] Building Documents
2022-08-17 04:43:20,884 [INFO] Initializing Spyce
2022-08-17 04:43:20,887 [INFO] Downloading src/glossary.rst
2022-08-17 04:43:21,289 [INFO] Downloading src/_static/bibliography.rst
2022-08-17 04:43:21,623 [INFO] Downloading src/_static/references.bib
2022-08-17 04:43:22,458 [INFO] Downloading .readthedocs.yaml
2022-08-17 04:43:22,813 [INFO] Downloading src/conf.py
2022-08-17 04:43:23,184 [INFO] Downloading src/_static/UTRGVLogo.png
2022-08-17 04:43:23,617 [INFO] Downloading src/_static/bluetunnel.css
2022-08-17 04:43:23,952 [INFO] Downloading src/_static/RATESLogo.png
2022-08-17 04:43:24,281 [INFO] Downloading src/_static/RGVFloodLogo.png
2022-08-17 04:43:24,724 [INFO] Downloading src/_static/layout.html
2022-08-17 05:13:28,204 [INFO] Building Documents
2022-08-17 05:13:28,205 [INFO] Initializing Spyce
2022-08-17 05:13:28,208 [INFO] Downloading src/glossary.rst
2022-08-17 05:13:28,638 [INFO] Downloading src/_static/bibliography.rst
2022-08-17 05:13:28,981 [INFO] Downloading src/_static/references.bib
2022-08-17 05:13:29,674 [INFO] Downloading .readthedocs.yaml
2022-08-17 05:13:30,058 [INFO] Downloading src/conf.py
2022-08-17 05:13:30,475 [INFO] Downloading src/_static/UTRGVLogo.png
2022-08-17 05:13:30,893 [INFO] Downloading src/_static/bluetunnel.css
2022-08-17 05:13:31,261 [INFO] Downloading src/_static/RATESLogo.png
2022-08-17 05:13:31,700 [INFO] Downloading src/_static/RGVFloodLogo.png
2022-08-17 05:13:31,989 [INFO] Downloading src/_static/layout.html
2022-08-17 05:13:52,200 [INFO] Building Documents
2022-08-17 05:13:52,200 [INFO] Initializing Spyce
2022-08-17 05:13:52,213 [INFO] Downloading src/glossary.rst
2022-08-17 05:13:52,631 [INFO] Downloading src/_static/bibliography.rst
2022-08-17 05:13:52,984 [INFO] Downloading src/_static/references.bib
2022-08-17 05:13:53,719 [INFO] Downloading .readthedocs.yaml
2022-08-17 05:13:54,093 [INFO] Downloading src/conf.py
2022-08-17 05:13:54,465 [INFO] Downloading src/_static/UTRGVLogo.png
2022-08-17 05:13:54,914 [INFO] Downloading src/_static/bluetunnel.css
2022-08-17 05:13:55,312 [INFO] Downloading src/_static/RATESLogo.png
2022-08-17 05:13:55,599 [INFO] Downloading src/_static/RGVFloodLogo.png
2022-08-17 05:13:55,895 [INFO] Downloading src/_static/layout.html
2022-08-17 05:22:43,620 [INFO] Building Documents
2022-08-17 05:22:43,623 [INFO] Initializing Spyce
2022-08-17 05:22:43,634 [INFO] Downloading src/glossary.rst
2022-08-17 05:22:44,153 [INFO] Downloading src/_static/bibliography.rst
2022-08-17 05:22:44,474 [INFO] Downloading src/_static/references.bib
2022-08-17 05:22:45,211 [INFO] Downloading .readthedocs.yaml
2022-08-17 05:22:45,580 [INFO] Downloading src/conf.py
2022-08-17 05:22:45,989 [INFO] Downloading src/_static/UTRGVLogo.png
2022-08-17 05:22:46,413 [INFO] Downloading src/_static/bluetunnel.css
2022-08-17 05:22:46,788 [INFO] Downloading src/_static/RATESLogo.png
2022-08-17 05:22:47,111 [INFO] Downloading src/_static/RGVFloodLogo.png
2022-08-17 05:22:47,445 [INFO] Downloading src/_static/layout.html
2022-08-17 05:33:46,584 [INFO] Building Documents
2022-08-17 05:33:46,585 [INFO] Initializing Spyce
2022-08-17 05:33:46,596 [INFO] Downloading src/glossary.rst
2022-08-17 05:33:47,016 [INFO] Downloading src/_static/bibliography.rst
2022-08-17 05:33:47,338 [INFO] Downloading src/_static/references.bib
2022-08-17 05:33:48,057 [INFO] Downloading .readthedocs.yaml
2022-08-17 05:33:48,382 [INFO] Downloading src/conf.py
2022-08-17 05:33:48,738 [INFO] Downloading src/_static/UTRGVLogo.png
2022-08-17 05:33:49,124 [INFO] Downloading src/_static/bluetunnel.css
2022-08-17 05:33:49,462 [INFO] Downloading src/_static/RATESLogo.png
2022-08-17 05:33:49,801 [INFO] Downloading src/_static/RGVFloodLogo.png
2022-08-17 05:33:50,133 [INFO] Downloading src/_static/layout.html
2022-08-17 05:35:34,409 [INFO] Building Documents
2022-08-17 05:35:34,410 [INFO] Initializing Spyce
2022-08-17 05:35:34,418 [INFO] Downloading src/glossary.rst
2022-08-17 05:35:34,952 [INFO] Downloading src/_static/bibliography.rst
2022-08-17 05:35:35,355 [INFO] Downloading src/_static/references.bib
2022-08-17 05:35:36,289 [INFO] Downloading .readthedocs.yaml
2022-08-17 05:35:36,635 [INFO] Downloading src/conf.py
2022-08-17 05:35:36,974 [INFO] Downloading src/_static/UTRGVLogo.png
2022-08-17 05:35:37,392 [INFO] Downloading src/_static/bluetunnel.css
2022-08-17 05:35:37,783 [INFO] Downloading src/_static/RATESLogo.png
2022-08-17 05:35:38,173 [INFO] Downloading src/_static/RGVFloodLogo.png
2022-08-17 05:35:38,738 [INFO] Downloading src/_static/layout.html
2022-08-17 05:36:32,816 [INFO] Building Documents
2022-08-17 05:36:32,816 [INFO] Initializing Spyce
2022-08-17 05:36:32,824 [INFO] Downloading src/glossary.rst
2022-08-17 05:36:33,201 [INFO] Downloading src/_static/bibliography.rst
2022-08-17 05:36:33,585 [INFO] Downloading src/_static/references.bib
2022-08-17 05:36:34,335 [INFO] Downloading .readthedocs.yaml
2022-08-17 05:36:34,721 [INFO] Downloading src/conf.py
2022-08-17 05:36:35,028 [INFO] Downloading src/_static/UTRGVLogo.png
2022-08-17 05:36:35,382 [INFO] Downloading src/_static/bluetunnel.css
2022-08-17 05:36:35,709 [INFO] Downloading src/_static/RATESLogo.png
2022-08-17 05:36:35,908 [INFO] Downloading src/_static/RGVFloodLogo.png
2022-08-17 05:36:36,366 [INFO] Downloading src/_static/layout.html
2022-08-17 05:40:02,674 [INFO] Building Documents
2022-08-17 05:40:02,674 [INFO] Initializing Spyce
2022-08-17 05:40:02,686 [INFO] Downloading src/glossary.rst
2022-08-17 05:40:03,177 [INFO] Downloading src/_static/bibliography.rst
2022-08-17 05:40:03,505 [INFO] Downloading src/_static/references.bib
2022-08-17 05:40:04,236 [INFO] Downloading .readthedocs.yaml
2022-08-17 05:40:04,548 [INFO] Downloading src/conf.py
2022-08-17 05:40:04,919 [INFO] Downloading src/_static/UTRGVLogo.png
2022-08-17 05:40:05,326 [INFO] Downloading src/_static/bluetunnel.css
2022-08-17 05:40:05,673 [INFO] Downloading src/_static/RATESLogo.png
2022-08-17 05:40:06,012 [INFO] Downloading src/_static/RGVFloodLogo.png
2022-08-17 05:40:06,336 [INFO] Downloading src/_static/layout.html
2022-08-17 05:44:07,888 [INFO] Building Documents
2022-08-17 05:44:07,888 [INFO] Initializing Spyce
2022-08-17 05:44:07,902 [INFO] Downloading src/glossary.rst
2022-08-17 05:44:08,266 [INFO] Downloading src/_static/bibliography.rst
2022-08-17 05:44:08,679 [INFO] Downloading src/_static/references.bib
2022-08-17 05:44:09,524 [INFO] Downloading .readthedocs.yaml
2022-08-17 05:44:09,910 [INFO] Downloading src/conf.py
2022-08-17 05:44:10,524 [INFO] Downloading src/_static/UTRGVLogo.png
2022-08-17 05:44:10,964 [INFO] Downloading src/_static/bluetunnel.css
2022-08-17 05:44:11,295 [INFO] Downloading src/_static/RATESLogo.png
2022-08-17 05:44:11,534 [INFO] Downloading src/_static/RGVFloodLogo.png
2022-08-17 05:44:11,934 [INFO] Downloading src/_static/layout.html
2022-08-17 05:47:40,919 [INFO] Building Documents
2022-08-17 05:47:40,919 [INFO] Initializing Spyce
2022-08-17 05:47:40,927 [INFO] Downloading src/glossary.rst
2022-08-17 05:47:41,353 [INFO] Downloading src/_static/bibliography.rst
2022-08-17 05:47:41,832 [INFO] Downloading src/_static/references.bib
2022-08-17 05:47:42,599 [INFO] Downloading .readthedocs.yaml
2022-08-17 05:47:42,950 [INFO] Downloading src/conf.py
2022-08-17 05:47:43,280 [INFO] Downloading src/_static/UTRGVLogo.png
2022-08-17 05:47:43,678 [INFO] Downloading src/_static/bluetunnel.css
2022-08-17 05:47:44,046 [INFO] Downloading src/_static/RATESLogo.png
2022-08-17 05:47:44,463 [INFO] Downloading src/_static/RGVFloodLogo.png
2022-08-17 05:47:44,888 [INFO] Downloading src/_static/layout.html
2022-08-17 05:51:24,970 [INFO] Building Documents
2022-08-17 05:51:24,970 [INFO] Initializing Spyce
2022-08-17 05:51:24,979 [INFO] Downloading src/glossary.rst
2022-08-17 05:51:25,671 [INFO] Downloading src/_static/bibliography.rst
2022-08-17 05:51:26,014 [INFO] Downloading src/_static/references.bib
2022-08-17 05:51:26,738 [INFO] Downloading .readthedocs.yaml
2022-08-17 05:51:27,164 [INFO] Downloading src/conf.py
2022-08-17 05:51:27,641 [INFO] Downloading src/_static/UTRGVLogo.png
2022-08-17 05:51:28,065 [INFO] Downloading src/_static/bluetunnel.css
2022-08-17 05:51:28,409 [INFO] Downloading src/_static/RATESLogo.png
2022-08-17 05:51:28,628 [INFO] Downloading src/_static/RGVFloodLogo.png
2022-08-17 05:51:29,100 [INFO] Downloading src/_static/layout.html
2022-08-17 06:17:49,138 [INFO] Building Documents
2022-08-17 06:17:49,138 [INFO] Initializing Spyce
2022-08-17 06:17:49,145 [INFO] Downloading src/glossary.rst
2022-08-17 06:17:49,552 [INFO] Downloading src/_static/bibliography.rst
2022-08-17 06:17:49,926 [INFO] Downloading src/_static/references.bib
2022-08-17 06:17:50,720 [INFO] Downloading .readthedocs.yaml
2022-08-17 06:17:51,218 [INFO] Downloading src/conf.py
2022-08-17 06:17:51,548 [INFO] Downloading src/_static/UTRGVLogo.png
2022-08-17 06:17:51,971 [INFO] Downloading src/_static/bluetunnel.css
2022-08-17 06:17:52,308 [INFO] Downloading src/_static/RATESLogo.png
2022-08-17 06:17:52,675 [INFO] Downloading src/_static/RGVFloodLogo.png
2022-08-17 06:17:53,025 [INFO] Downloading src/_static/layout.html
2022-08-17 06:23:12,820 [INFO] Building Documents
2022-08-17 06:23:12,821 [INFO] Initializing Spyce
2022-08-17 06:23:12,829 [INFO] Downloading src/glossary.rst
2022-08-17 06:23:13,240 [INFO] Downloading src/_static/bibliography.rst
2022-08-17 06:23:13,597 [INFO] Downloading src/_static/references.bib
2022-08-17 06:23:14,415 [INFO] Downloading .readthedocs.yaml
2022-08-17 06:23:14,771 [INFO] Downloading src/conf.py
2022-08-17 06:23:15,103 [INFO] Downloading src/_static/UTRGVLogo.png
2022-08-17 06:23:15,512 [INFO] Downloading src/_static/bluetunnel.css
2022-08-17 06:23:15,890 [INFO] Downloading src/_static/RATESLogo.png
2022-08-17 06:23:16,209 [INFO] Downloading src/_static/RGVFloodLogo.png
2022-08-17 06:23:16,545 [INFO] Downloading src/_static/layout.html
2022-08-17 06:24:39,551 [INFO] Building Documents
2022-08-17 06:24:39,551 [INFO] Initializing Spyce
2022-08-17 06:24:39,558 [INFO] Downloading src/glossary.rst
2022-08-17 06:24:39,977 [INFO] Downloading src/_static/bibliography.rst
2022-08-17 06:24:40,456 [INFO] Downloading src/_static/references.bib
2022-08-17 06:24:41,259 [INFO] Downloading .readthedocs.yaml
2022-08-17 06:24:41,603 [INFO] Downloading src/conf.py
2022-08-17 06:24:42,013 [INFO] Downloading src/_static/UTRGVLogo.png
2022-08-17 06:24:42,424 [INFO] Downloading src/_static/bluetunnel.css
2022-08-17 06:24:42,790 [INFO] Downloading src/_static/RATESLogo.png
2022-08-17 06:24:43,016 [INFO] Downloading src/_static/RGVFloodLogo.png
2022-08-17 06:24:43,270 [INFO] Downloading src/_static/layout.html
2022-08-17 06:35:09,363 [INFO] Building Documents
2022-08-17 06:35:09,363 [INFO] Initializing Spyce
2022-08-17 06:35:09,370 [INFO] Downloading src/glossary.rst
2022-08-17 06:35:09,781 [INFO] Downloading src/_static/bibliography.rst
2022-08-17 06:35:10,165 [INFO] Downloading src/_static/references.bib
2022-08-17 06:35:10,775 [INFO] Downloading .readthedocs.yaml
2022-08-17 06:35:11,108 [INFO] Downloading src/conf.py
2022-08-17 06:35:11,476 [INFO] Downloading src/_static/UTRGVLogo.png
2022-08-17 06:35:11,996 [INFO] Downloading src/_static/bluetunnel.css
2022-08-17 06:35:12,325 [INFO] Downloading src/_static/RATESLogo.png
2022-08-17 06:35:12,682 [INFO] Downloading src/_static/RGVFloodLogo.png
2022-08-17 06:35:12,982 [INFO] Downloading src/_static/layout.html
2022-08-17 06:36:19,607 [INFO] Building Documents
2022-08-17 06:36:19,607 [INFO] Initializing Spyce
2022-08-17 06:36:19,615 [INFO] Downloading src/glossary.rst
2022-08-17 06:36:20,095 [INFO] Downloading src/_static/bibliography.rst
2022-08-17 06:36:20,456 [INFO] Downloading src/_static/references.bib
2022-08-17 06:36:21,077 [INFO] Downloading .readthedocs.yaml
2022-08-17 06:36:21,404 [INFO] Downloading src/conf.py
2022-08-17 06:36:21,743 [INFO] Downloading src/_static/UTRGVLogo.png
2022-08-17 06:36:22,128 [INFO] Downloading src/_static/bluetunnel.css
2022-08-17 06:36:22,455 [INFO] Downloading src/_static/RATESLogo.png
2022-08-17 06:36:22,805 [INFO] Downloading src/_static/RGVFloodLogo.png
2022-08-17 06:36:23,147 [INFO] Downloading src/_static/layout.html
2022-08-17 06:49:15,097 [INFO] Building Documents
2022-08-17 06:49:15,097 [INFO] Initializing Spyce
2022-08-17 06:49:15,105 [INFO] Downloading src/glossary.rst
2022-08-17 06:49:15,538 [INFO] Downloading src/_static/bibliography.rst
2022-08-17 06:49:15,943 [INFO] Downloading src/_static/references.bib
2022-08-17 06:49:16,646 [INFO] Downloading .readthedocs.yaml
2022-08-17 06:49:17,027 [INFO] Downloading src/conf.py
2022-08-17 06:49:17,374 [INFO] Downloading src/_static/UTRGVLogo.png
2022-08-17 06:49:17,788 [INFO] Downloading src/_static/bluetunnel.css
2022-08-17 06:49:18,160 [INFO] Downloading src/_static/RATESLogo.png
2022-08-17 06:49:18,470 [INFO] Downloading src/_static/RGVFloodLogo.png
2022-08-17 06:49:18,923 [INFO] Downloading src/_static/layout.html
2022-08-17 06:51:15,160 [INFO] Building Documents
2022-08-17 06:51:15,161 [INFO] Initializing Spyce
2022-08-17 06:51:15,168 [INFO] Downloading src/glossary.rst
2022-08-17 06:51:15,554 [INFO] Downloading src/_static/bibliography.rst
2022-08-17 06:51:15,919 [INFO] Downloading src/_static/references.bib
2022-08-17 06:51:16,598 [INFO] Downloading .readthedocs.yaml
2022-08-17 06:51:17,073 [INFO] Downloading src/conf.py
2022-08-17 06:51:17,420 [INFO] Downloading src/_static/UTRGVLogo.png
2022-08-17 06:51:17,897 [INFO] Downloading src/_static/bluetunnel.css
2022-08-17 06:51:18,211 [INFO] Downloading src/_static/RATESLogo.png
2022-08-17 06:51:18,418 [INFO] Downloading src/_static/RGVFloodLogo.png
2022-08-17 06:51:18,717 [INFO] Downloading src/_static/layout.html
2022-08-17 09:46:23,284 [INFO] Building Documents
2022-08-17 09:46:23,284 [INFO] Initializing Spyce
2022-08-17 09:46:23,302 [INFO] Downloading src/glossary.rst
2022-08-17 09:46:23,725 [INFO] Downloading src/_static/bibliography.rst
2022-08-17 09:46:24,014 [INFO] Downloading src/_static/references.bib
2022-08-17 09:46:24,603 [INFO] Downloading .readthedocs.yaml
2022-08-17 09:46:24,939 [INFO] Downloading src/conf.py
2022-08-17 09:46:25,266 [INFO] Downloading src/_static/UTRGVLogo.png
2022-08-17 09:46:25,653 [INFO] Downloading src/_static/bluetunnel.css
2022-08-17 09:46:25,990 [INFO] Downloading src/_static/RATESLogo.png
2022-08-17 09:46:26,324 [INFO] Downloading src/_static/RGVFloodLogo.png
2022-08-17 09:46:26,786 [INFO] Downloading src/_static/layout.html
2022-08-17 09:56:16,411 [INFO] Building Documents
2022-08-17 09:56:16,411 [INFO] Initializing Spyce
2022-08-17 09:56:16,421 [INFO] Downloading src/glossary.rst
2022-08-17 09:56:16,849 [INFO] Downloading src/_static/bibliography.rst
2022-08-17 09:56:17,160 [INFO] Downloading src/_static/references.bib
2022-08-17 09:56:17,876 [INFO] Downloading .readthedocs.yaml
2022-08-17 09:56:18,248 [INFO] Downloading src/conf.py
2022-08-17 09:56:18,757 [INFO] Downloading src/_static/UTRGVLogo.png
2022-08-17 09:56:19,199 [INFO] Downloading src/_static/bluetunnel.css
2022-08-17 09:56:19,650 [INFO] Downloading src/_static/RATESLogo.png
2022-08-17 09:56:20,048 [INFO] Downloading src/_static/RGVFloodLogo.png
2022-08-17 09:56:20,330 [INFO] Downloading src/_static/layout.html
2022-08-17 09:57:25,559 [INFO] Building Documents
2022-08-17 09:57:25,559 [INFO] Initializing Spyce
2022-08-17 09:57:25,569 [INFO] Downloading src/glossary.rst
2022-08-17 09:57:25,988 [INFO] Downloading src/_static/bibliography.rst
2022-08-17 09:57:26,290 [INFO] Downloading src/_static/references.bib
2022-08-17 09:57:27,003 [INFO] Downloading .readthedocs.yaml
2022-08-17 09:57:27,359 [INFO] Downloading src/conf.py
2022-08-17 09:57:27,744 [INFO] Downloading src/_static/UTRGVLogo.png
2022-08-17 09:57:28,157 [INFO] Downloading src/_static/bluetunnel.css
2022-08-17 09:57:28,460 [INFO] Downloading src/_static/RATESLogo.png
2022-08-17 09:57:28,690 [INFO] Downloading src/_static/RGVFloodLogo.png
2022-08-17 09:57:28,902 [INFO] Downloading src/_static/layout.html
2022-08-17 09:59:31,720 [INFO] Building Documents
2022-08-17 09:59:31,721 [INFO] Initializing Spyce
2022-08-17 09:59:31,730 [INFO] Downloading src/glossary.rst
2022-08-17 09:59:32,148 [INFO] Downloading src/_static/bibliography.rst
2022-08-17 09:59:32,458 [INFO] Downloading src/_static/references.bib
2022-08-17 09:59:33,140 [INFO] Downloading .readthedocs.yaml
2022-08-17 09:59:33,446 [INFO] Downloading src/conf.py
2022-08-17 09:59:33,777 [INFO] Downloading src/_static/UTRGVLogo.png
2022-08-17 09:59:34,150 [INFO] Downloading src/_static/bluetunnel.css
2022-08-17 09:59:34,483 [INFO] Downloading src/_static/RATESLogo.png
2022-08-17 09:59:34,857 [INFO] Downloading src/_static/RGVFloodLogo.png
2022-08-17 09:59:35,226 [INFO] Downloading src/_static/layout.html
2022-08-17 10:28:05,001 [INFO] Building Documents
2022-08-17 10:28:05,001 [INFO] Initializing Spyce
2022-08-17 10:28:05,012 [INFO] Downloading src/glossary.rst
2022-08-17 10:28:05,437 [INFO] Downloading src/_static/bibliography.rst
2022-08-17 10:28:05,757 [INFO] Downloading src/_static/references.bib
2022-08-17 10:28:06,371 [INFO] Downloading .readthedocs.yaml
2022-08-17 10:28:06,728 [INFO] Downloading src/conf.py
2022-08-17 10:28:07,091 [INFO] Downloading src/_static/UTRGVLogo.png
2022-08-17 10:28:07,539 [INFO] Downloading src/_static/bluetunnel.css
2022-08-17 10:28:07,855 [INFO] Downloading src/_static/RATESLogo.png
2022-08-17 10:28:08,222 [INFO] Downloading src/_static/RGVFloodLogo.png
2022-08-17 10:28:08,625 [INFO] Downloading src/_static/layout.html
2022-08-17 10:34:53,035 [INFO] Building Documents
2022-08-17 10:34:53,036 [INFO] Initializing Spyce
2022-08-17 10:34:53,043 [INFO] Downloading src/glossary.rst
2022-08-17 10:34:53,549 [INFO] Downloading src/_static/bibliography.rst
2022-08-17 10:34:53,950 [INFO] Downloading src/_static/references.bib
2022-08-17 10:34:54,625 [INFO] Downloading .readthedocs.yaml
2022-08-17 10:34:54,966 [INFO] Downloading src/conf.py
2022-08-17 10:34:55,285 [INFO] Downloading src/_static/UTRGVLogo.png
2022-08-17 10:34:55,745 [INFO] Downloading src/_static/bluetunnel.css
2022-08-17 10:34:56,108 [INFO] Downloading src/_static/RATESLogo.png
2022-08-17 10:34:56,474 [INFO] Downloading src/_static/RGVFloodLogo.png
2022-08-17 10:34:56,886 [INFO] Downloading src/_static/layout.html
2022-08-17 10:35:14,871 [INFO] Building Documents
2022-08-17 10:35:14,871 [INFO] Initializing Spyce
2022-08-17 10:35:14,880 [INFO] Downloading src/glossary.rst
2022-08-17 10:35:15,270 [INFO] Downloading src/_static/bibliography.rst
2022-08-17 10:35:15,602 [INFO] Downloading src/_static/references.bib
2022-08-17 10:35:16,182 [INFO] Downloading .readthedocs.yaml
2022-08-17 10:35:16,518 [INFO] Downloading src/conf.py
2022-08-17 10:35:16,874 [INFO] Downloading src/_static/UTRGVLogo.png
2022-08-17 10:35:17,258 [INFO] Downloading src/_static/bluetunnel.css
2022-08-17 10:35:17,617 [INFO] Downloading src/_static/RATESLogo.png
2022-08-17 10:35:17,848 [INFO] Downloading src/_static/RGVFloodLogo.png
2022-08-17 10:35:18,132 [INFO] Downloading src/_static/layout.html
